2019-01-30 00:19:15,048 FATAL Disofi.Utils.CapturaExcepciones - Referencia a objeto no establecida como instancia de un objeto.
2019-01-30 00:19:15,049 ERROR Disofi.Utils.CapturaExcepciones - Error no controlado: System.NullReferenceException: Referencia a objeto no establecida como instancia de un objeto.
   en Disofi.Controllers.TamarugalGEController.GuiaExpedicion(String IdPedido) en D:\Desarrollo\Consisa\Disofi\  Dosofi\DosofiTamarugal\Controllers\TamarugalGE.cs:línea 517
2019-01-30 00:19:15,049 ERROR Disofi.Utils.CapturaExcepciones -    en Disofi.Controllers.TamarugalGEController.GuiaExpedicion(String IdPedido) en D:\Desarrollo\Consisa\Disofi\  Dosofi\DosofiTamarugal\Controllers\TamarugalGE.cs:línea 517
2019-01-30 00:19:28,135 FATAL Disofi.Utils.CapturaExcepciones - Referencia a objeto no establecida como instancia de un objeto.
2019-01-30 00:19:28,138 ERROR Disofi.Utils.CapturaExcepciones - Error no controlado: System.NullReferenceException: Referencia a objeto no establecida como instancia de un objeto.
   en Disofi.Controllers.TamarugalGEController.GuiaExpedicion(String IdPedido) en D:\Desarrollo\Consisa\Disofi\  Dosofi\DosofiTamarugal\Controllers\TamarugalGE.cs:línea 517
2019-01-30 00:19:28,138 ERROR Disofi.Utils.CapturaExcepciones -    en Disofi.Controllers.TamarugalGEController.GuiaExpedicion(String IdPedido) en D:\Desarrollo\Consisa\Disofi\  Dosofi\DosofiTamarugal\Controllers\TamarugalGE.cs:línea 517
2019-01-30 01:53:39,516 FATAL Disofi.Utils.CapturaExcepciones - La columna 'IdConductor' no pertenece a la tabla .
2019-01-30 01:53:39,519 ERROR Disofi.Utils.CapturaExcepciones - Error no controlado: System.ArgumentException: La columna 'IdConductor' no pertenece a la tabla .
   en System.Data.DataRow.GetDataColumn(String columnName)
   en System.Data.DataRow.get_Item(String columnName)
   en System.Data.DataRowExtensions.Field[T](DataRow row, String columnName)
   en Disofi.BLL.FactoryAccesos.DetalleServicioTamarugalId2(String _idguia, String _numeroPedido) en D:\Desarrollo\Consisa\Disofi\  Dosofi\Disofi.BLL\FactoryAccesos.cs:línea 1571
   en Disofi.BLL.ControlDisofi.DetalleServicioTamarugalId2(String _idguia, String _numeroPedido) en D:\Desarrollo\Consisa\Disofi\  Dosofi\Disofi.BLL\ControlDisofi.cs:línea 257
   en Disofi.Controllers.TamarugalGEController.DetalleServicioTamarugalId2(String _idguia, String _numeroPedido) en D:\Desarrollo\Consisa\Disofi\  Dosofi\DosofiTamarugal\Controllers\TamarugalGE.cs:línea 308
2019-01-30 01:53:39,519 ERROR Disofi.Utils.CapturaExcepciones -    en System.Data.DataRow.GetDataColumn(String columnName)
   en System.Data.DataRow.get_Item(String columnName)
   en System.Data.DataRowExtensions.Field[T](DataRow row, String columnName)
   en Disofi.BLL.FactoryAccesos.DetalleServicioTamarugalId2(String _idguia, String _numeroPedido) en D:\Desarrollo\Consisa\Disofi\  Dosofi\Disofi.BLL\FactoryAccesos.cs:línea 1571
   en Disofi.BLL.ControlDisofi.DetalleServicioTamarugalId2(String _idguia, String _numeroPedido) en D:\Desarrollo\Consisa\Disofi\  Dosofi\Disofi.BLL\ControlDisofi.cs:línea 257
   en Disofi.Controllers.TamarugalGEController.DetalleServicioTamarugalId2(String _idguia, String _numeroPedido) en D:\Desarrollo\Consisa\Disofi\  Dosofi\DosofiTamarugal\Controllers\TamarugalGE.cs:línea 308
2019-01-30 01:54:44,955 FATAL Disofi.Utils.CapturaExcepciones - La columna 'NumeroPedido' no pertenece a la tabla .
2019-01-30 01:54:44,955 ERROR Disofi.Utils.CapturaExcepciones - Error no controlado: System.ArgumentException: La columna 'NumeroPedido' no pertenece a la tabla .
   en System.Data.DataRow.GetDataColumn(String columnName)
   en System.Data.DataRow.get_Item(String columnName)
   en System.Data.DataRowExtensions.Field[T](DataRow row, String columnName)
   en Disofi.BLL.FactoryAccesos.DetalleServicioTamarugalId2(String _idguia, String _numeroPedido) en D:\Desarrollo\Consisa\Disofi\  Dosofi\Disofi.BLL\FactoryAccesos.cs:línea 1550
   en Disofi.BLL.ControlDisofi.DetalleServicioTamarugalId2(String _idguia, String _numeroPedido) en D:\Desarrollo\Consisa\Disofi\  Dosofi\Disofi.BLL\ControlDisofi.cs:línea 257
   en Disofi.Controllers.TamarugalGEController.DetalleServicioTamarugalId2(String _idguia, String _numeroPedido) en D:\Desarrollo\Consisa\Disofi\  Dosofi\DosofiTamarugal\Controllers\TamarugalGE.cs:línea 308
2019-01-30 01:54:44,955 ERROR Disofi.Utils.CapturaExcepciones -    en System.Data.DataRow.GetDataColumn(String columnName)
   en System.Data.DataRow.get_Item(String columnName)
   en System.Data.DataRowExtensions.Field[T](DataRow row, String columnName)
   en Disofi.BLL.FactoryAccesos.DetalleServicioTamarugalId2(String _idguia, String _numeroPedido) en D:\Desarrollo\Consisa\Disofi\  Dosofi\Disofi.BLL\FactoryAccesos.cs:línea 1550
   en Disofi.BLL.ControlDisofi.DetalleServicioTamarugalId2(String _idguia, String _numeroPedido) en D:\Desarrollo\Consisa\Disofi\  Dosofi\Disofi.BLL\ControlDisofi.cs:línea 257
   en Disofi.Controllers.TamarugalGEController.DetalleServicioTamarugalId2(String _idguia, String _numeroPedido) en D:\Desarrollo\Consisa\Disofi\  Dosofi\DosofiTamarugal\Controllers\TamarugalGE.cs:línea 308
2019-01-30 02:31:15,062 FATAL Disofi.Utils.CapturaExcepciones - Referencia a objeto no establecida como instancia de un objeto.
2019-01-30 02:31:15,064 ERROR Disofi.Utils.CapturaExcepciones - Error no controlado: System.NullReferenceException: Referencia a objeto no establecida como instancia de un objeto.
   en Disofi.Controllers.TamarugalGEController.Recepcion() en D:\Desarrollo\Consisa\Disofi\  Dosofi\DosofiTamarugal\Controllers\TamarugalGE.cs:línea 775
2019-01-30 02:31:15,064 ERROR Disofi.Utils.CapturaExcepciones -    en Disofi.Controllers.TamarugalGEController.Recepcion() en D:\Desarrollo\Consisa\Disofi\  Dosofi\DosofiTamarugal\Controllers\TamarugalGE.cs:línea 775
2019-01-30 02:38:21,864 FATAL Disofi.Utils.CapturaExcepciones - No se puede cargar el archivo o ensamblado 'log4net, Version=1.2.10.0, Culture=neutral, PublicKeyToken=1b44e1d426115821' ni una de sus dependencias. La definición del manifiesto del ensamblado no coincide con la referencia al ensamblado. (Excepción de HRESULT: 0x80131040)
2019-01-30 02:38:21,868 ERROR Disofi.Utils.CapturaExcepciones - Error no controlado: System.IO.FileLoadException: No se puede cargar el archivo o ensamblado 'log4net, Version=1.2.10.0, Culture=neutral, PublicKeyToken=1b44e1d426115821' ni una de sus dependencias. La definición del manifiesto del ensamblado no coincide con la referencia al ensamblado. (Excepción de HRESULT: 0x80131040)
Nombre de archivo: 'log4net, Version=1.2.10.0, Culture=neutral, PublicKeyToken=1b44e1d426115821'
   en Disofi.DAL.CapturaExcepciones..ctor(Exception e)
   en Disofi.DAL.DBConector.ObtenerProcedimientoAlmacenado(String spName, Hashtable sqlParametersIn, SqlParameter singleParameter, SqlTransaction transaccion) en D:\Desarrollo\Consisa\Disofi\  Dosofi\Disofi.Dal\Conector.cs:línea 80
   en Disofi.DAL.DBConector.EjecutarProcedimientoAlmacenado(String spName, Hashtable sqlParametersIn) en D:\Desarrollo\Consisa\Disofi\  Dosofi\Disofi.Dal\Conector.cs:línea 22
   en Disofi.BLL.FactoryAccesos.ListadaoSabanaDatos() en D:\Desarrollo\Consisa\Disofi\  Dosofi\Disofi.BLL\FactoryAccesos.cs:línea 2267
   en Disofi.BLL.ControlDisofi.ListadaoSabanaDatos() en D:\Desarrollo\Consisa\Disofi\  Dosofi\Disofi.BLL\ControlDisofi.cs:línea 172
   en Disofi.Controllers.TamarugalGEController.InformesContratos() en D:\Desarrollo\Consisa\Disofi\  Dosofi\DosofiTamarugal\Controllers\TamarugalGE.cs:línea 807

=== Información de estado anterior al enlace ===
LOG: DisplayName = log4net, Version=1.2.10.0, Culture=neutral, PublicKeyToken=1b44e1d426115821
 (Fully-specified)
LOG: Appbase = file:///D:/Desarrollo/Consisa/Disofi/  Dosofi/DosofiTamarugal/
LOG: PrivatePath inicial = D:\Desarrollo\Consisa\Disofi\  Dosofi\DosofiTamarugal\bin
Ensamblado de llamada : Disofi.DAL, Version=1.0.0.0, Culture=neutral, PublicKeyToken=null.
===
LOG: Este enlace empieza en el contexto de carga default.
LOG: Utilización del archivo de configuración de la aplicación: D:\Desarrollo\Consisa\Disofi\  Dosofi\DosofiTamarugal\web.config
LOG: Utilizando el archivo de configuración de host: C:\Users\Luisi\Documents\IISExpress\config\aspnet.config
LOG: Utilizando el archivo de configuración del equipo en C:\Windows\Microsoft.NET\Framework\v4.0.30319\config\machine.config.
LOG: Referencia posterior a la directiva: log4net, Version=1.2.10.0, Culture=neutral, PublicKeyToken=1b44e1d426115821
LOG: Intento de descarga de la nueva dirección URL file:///C:/Users/Luisi/AppData/Local/Temp/Temporary ASP.NET Files/vs/fd442b61/77549029/log4net.DLL.
LOG: Intento de descarga de la nueva dirección URL file:///C:/Users/Luisi/AppData/Local/Temp/Temporary ASP.NET Files/vs/fd442b61/77549029/log4net/log4net.DLL.
LOG: Intento de descarga de la nueva dirección URL file:///D:/Desarrollo/Consisa/Disofi/  Dosofi/DosofiTamarugal/bin/log4net.DLL.
AVS: Al comparar el nombre de ensamblado se generó la incompatibilidad: Versión principal
ERR: Error al completar la instalación del ensamblado (hr = 0x80131040). Finalizó la búsqueda.

2019-01-30 02:38:21,869 ERROR Disofi.Utils.CapturaExcepciones -    en Disofi.DAL.CapturaExcepciones..ctor(Exception e)
   en Disofi.DAL.DBConector.ObtenerProcedimientoAlmacenado(String spName, Hashtable sqlParametersIn, SqlParameter singleParameter, SqlTransaction transaccion) en D:\Desarrollo\Consisa\Disofi\  Dosofi\Disofi.Dal\Conector.cs:línea 80
   en Disofi.DAL.DBConector.EjecutarProcedimientoAlmacenado(String spName, Hashtable sqlParametersIn) en D:\Desarrollo\Consisa\Disofi\  Dosofi\Disofi.Dal\Conector.cs:línea 22
   en Disofi.BLL.FactoryAccesos.ListadaoSabanaDatos() en D:\Desarrollo\Consisa\Disofi\  Dosofi\Disofi.BLL\FactoryAccesos.cs:línea 2267
   en Disofi.BLL.ControlDisofi.ListadaoSabanaDatos() en D:\Desarrollo\Consisa\Disofi\  Dosofi\Disofi.BLL\ControlDisofi.cs:línea 172
   en Disofi.Controllers.TamarugalGEController.InformesContratos() en D:\Desarrollo\Consisa\Disofi\  Dosofi\DosofiTamarugal\Controllers\TamarugalGE.cs:línea 807
2019-01-30 03:00:46,420 FATAL Disofi.Utils.CapturaExcepciones - No se puede cargar el archivo o ensamblado 'log4net, Version=1.2.10.0, Culture=neutral, PublicKeyToken=1b44e1d426115821' ni una de sus dependencias. La definición del manifiesto del ensamblado no coincide con la referencia al ensamblado. (Excepción de HRESULT: 0x80131040)
2019-01-30 03:00:46,423 ERROR Disofi.Utils.CapturaExcepciones - Error no controlado: System.IO.FileLoadException: No se puede cargar el archivo o ensamblado 'log4net, Version=1.2.10.0, Culture=neutral, PublicKeyToken=1b44e1d426115821' ni una de sus dependencias. La definición del manifiesto del ensamblado no coincide con la referencia al ensamblado. (Excepción de HRESULT: 0x80131040)
Nombre de archivo: 'log4net, Version=1.2.10.0, Culture=neutral, PublicKeyToken=1b44e1d426115821'
   en Disofi.DAL.CapturaExcepciones..ctor(Exception e)
   en Disofi.DAL.DBConector.ObtenerProcedimientoAlmacenado(String spName, Hashtable sqlParametersIn, SqlParameter singleParameter, SqlTransaction transaccion) en D:\Desarrollo\Consisa\Disofi\  Dosofi\Disofi.Dal\Conector.cs:línea 80
   en Disofi.DAL.DBConector.EjecutarProcedimientoAlmacenado(String spName, Hashtable sqlParametersIn) en D:\Desarrollo\Consisa\Disofi\  Dosofi\Disofi.Dal\Conector.cs:línea 22
   en Disofi.BLL.FactoryAccesos.ListadoGuiaRecepcion(Int32 id) en D:\Desarrollo\Consisa\Disofi\  Dosofi\Disofi.BLL\FactoryAccesos.cs:línea 192
   en Disofi.BLL.ControlDisofi.ListadoGuiaRecepcion(Int32 id) en D:\Desarrollo\Consisa\Disofi\  Dosofi\Disofi.BLL\ControlDisofi.cs:línea 193
   en Disofi.Controllers.TamarugalGEController.Recepcion(Int32 _IdConductor) en D:\Desarrollo\Consisa\Disofi\  Dosofi\DosofiTamarugal\Controllers\TamarugalGE.cs:línea 747

=== Información de estado anterior al enlace ===
LOG: DisplayName = log4net, Version=1.2.10.0, Culture=neutral, PublicKeyToken=1b44e1d426115821
 (Fully-specified)
LOG: Appbase = file:///D:/Desarrollo/Consisa/Disofi/  Dosofi/DosofiTamarugal/
LOG: PrivatePath inicial = D:\Desarrollo\Consisa\Disofi\  Dosofi\DosofiTamarugal\bin
Ensamblado de llamada : Disofi.DAL, Version=1.0.0.0, Culture=neutral, PublicKeyToken=null.
===
LOG: Este enlace empieza en el contexto de carga default.
LOG: Utilización del archivo de configuración de la aplicación: D:\Desarrollo\Consisa\Disofi\  Dosofi\DosofiTamarugal\web.config
LOG: Utilizando el archivo de configuración de host: C:\Users\Luisi\Documents\IISExpress\config\aspnet.config
LOG: Utilizando el archivo de configuración del equipo en C:\Windows\Microsoft.NET\Framework\v4.0.30319\config\machine.config.
LOG: Referencia posterior a la directiva: log4net, Version=1.2.10.0, Culture=neutral, PublicKeyToken=1b44e1d426115821
LOG: Intento de descarga de la nueva dirección URL file:///C:/Users/Luisi/AppData/Local/Temp/Temporary ASP.NET Files/vs/fd442b61/77549029/log4net.DLL.
LOG: Intento de descarga de la nueva dirección URL file:///C:/Users/Luisi/AppData/Local/Temp/Temporary ASP.NET Files/vs/fd442b61/77549029/log4net/log4net.DLL.
LOG: Intento de descarga de la nueva dirección URL file:///D:/Desarrollo/Consisa/Disofi/  Dosofi/DosofiTamarugal/bin/log4net.DLL.
AVS: Al comparar el nombre de ensamblado se generó la incompatibilidad: Versión principal
ERR: Error al completar la instalación del ensamblado (hr = 0x80131040). Finalizó la búsqueda.

2019-01-30 03:00:46,423 ERROR Disofi.Utils.CapturaExcepciones -    en Disofi.DAL.CapturaExcepciones..ctor(Exception e)
   en Disofi.DAL.DBConector.ObtenerProcedimientoAlmacenado(String spName, Hashtable sqlParametersIn, SqlParameter singleParameter, SqlTransaction transaccion) en D:\Desarrollo\Consisa\Disofi\  Dosofi\Disofi.Dal\Conector.cs:línea 80
   en Disofi.DAL.DBConector.EjecutarProcedimientoAlmacenado(String spName, Hashtable sqlParametersIn) en D:\Desarrollo\Consisa\Disofi\  Dosofi\Disofi.Dal\Conector.cs:línea 22
   en Disofi.BLL.FactoryAccesos.ListadoGuiaRecepcion(Int32 id) en D:\Desarrollo\Consisa\Disofi\  Dosofi\Disofi.BLL\FactoryAccesos.cs:línea 192
   en Disofi.BLL.ControlDisofi.ListadoGuiaRecepcion(Int32 id) en D:\Desarrollo\Consisa\Disofi\  Dosofi\Disofi.BLL\ControlDisofi.cs:línea 193
   en Disofi.Controllers.TamarugalGEController.Recepcion(Int32 _IdConductor) en D:\Desarrollo\Consisa\Disofi\  Dosofi\DosofiTamarugal\Controllers\TamarugalGE.cs:línea 747
2019-01-30 03:01:16,071 FATAL Disofi.Utils.CapturaExcepciones - No se puede cargar el archivo o ensamblado 'log4net, Version=1.2.10.0, Culture=neutral, PublicKeyToken=1b44e1d426115821' ni una de sus dependencias. La definición del manifiesto del ensamblado no coincide con la referencia al ensamblado. (Excepción de HRESULT: 0x80131040)
2019-01-30 03:01:16,071 ERROR Disofi.Utils.CapturaExcepciones - Error no controlado: System.IO.FileLoadException: No se puede cargar el archivo o ensamblado 'log4net, Version=1.2.10.0, Culture=neutral, PublicKeyToken=1b44e1d426115821' ni una de sus dependencias. La definición del manifiesto del ensamblado no coincide con la referencia al ensamblado. (Excepción de HRESULT: 0x80131040)
Nombre de archivo: 'log4net, Version=1.2.10.0, Culture=neutral, PublicKeyToken=1b44e1d426115821'
   en Disofi.DAL.CapturaExcepciones..ctor(Exception e)
   en Disofi.DAL.DBConector.ObtenerProcedimientoAlmacenado(String spName, Hashtable sqlParametersIn, SqlParameter singleParameter, SqlTransaction transaccion) en D:\Desarrollo\Consisa\Disofi\  Dosofi\Disofi.Dal\Conector.cs:línea 80
   en Disofi.DAL.DBConector.EjecutarProcedimientoAlmacenado(String spName, Hashtable sqlParametersIn) en D:\Desarrollo\Consisa\Disofi\  Dosofi\Disofi.Dal\Conector.cs:línea 22
   en Disofi.BLL.FactoryAccesos.ListadoGuiaRecepcion(Int32 id) en D:\Desarrollo\Consisa\Disofi\  Dosofi\Disofi.BLL\FactoryAccesos.cs:línea 192
   en Disofi.BLL.ControlDisofi.ListadoGuiaRecepcion(Int32 id) en D:\Desarrollo\Consisa\Disofi\  Dosofi\Disofi.BLL\ControlDisofi.cs:línea 193
   en Disofi.Controllers.TamarugalGEController.Recepcion(Int32 _IdConductor) en D:\Desarrollo\Consisa\Disofi\  Dosofi\DosofiTamarugal\Controllers\TamarugalGE.cs:línea 747

=== Información de estado anterior al enlace ===
LOG: DisplayName = log4net, Version=1.2.10.0, Culture=neutral, PublicKeyToken=1b44e1d426115821
 (Fully-specified)
LOG: Appbase = file:///D:/Desarrollo/Consisa/Disofi/  Dosofi/DosofiTamarugal/
LOG: PrivatePath inicial = D:\Desarrollo\Consisa\Disofi\  Dosofi\DosofiTamarugal\bin
Ensamblado de llamada : Disofi.DAL, Version=1.0.0.0, Culture=neutral, PublicKeyToken=null.
===
LOG: Este enlace empieza en el contexto de carga default.
LOG: Utilización del archivo de configuración de la aplicación: D:\Desarrollo\Consisa\Disofi\  Dosofi\DosofiTamarugal\web.config
LOG: Utilizando el archivo de configuración de host: C:\Users\Luisi\Documents\IISExpress\config\aspnet.config
LOG: Utilizando el archivo de configuración del equipo en C:\Windows\Microsoft.NET\Framework\v4.0.30319\config\machine.config.
LOG: Referencia posterior a la directiva: log4net, Version=1.2.10.0, Culture=neutral, PublicKeyToken=1b44e1d426115821
LOG: Intento de descarga de la nueva dirección URL file:///C:/Users/Luisi/AppData/Local/Temp/Temporary ASP.NET Files/vs/fd442b61/77549029/log4net.DLL.
LOG: Intento de descarga de la nueva dirección URL file:///C:/Users/Luisi/AppData/Local/Temp/Temporary ASP.NET Files/vs/fd442b61/77549029/log4net/log4net.DLL.
LOG: Intento de descarga de la nueva dirección URL file:///D:/Desarrollo/Consisa/Disofi/  Dosofi/DosofiTamarugal/bin/log4net.DLL.
AVS: Al comparar el nombre de ensamblado se generó la incompatibilidad: Versión principal
ERR: Error al completar la instalación del ensamblado (hr = 0x80131040). Finalizó la búsqueda.

2019-01-30 03:01:16,072 ERROR Disofi.Utils.CapturaExcepciones -    en Disofi.DAL.CapturaExcepciones..ctor(Exception e)
   en Disofi.DAL.DBConector.ObtenerProcedimientoAlmacenado(String spName, Hashtable sqlParametersIn, SqlParameter singleParameter, SqlTransaction transaccion) en D:\Desarrollo\Consisa\Disofi\  Dosofi\Disofi.Dal\Conector.cs:línea 80
   en Disofi.DAL.DBConector.EjecutarProcedimientoAlmacenado(String spName, Hashtable sqlParametersIn) en D:\Desarrollo\Consisa\Disofi\  Dosofi\Disofi.Dal\Conector.cs:línea 22
   en Disofi.BLL.FactoryAccesos.ListadoGuiaRecepcion(Int32 id) en D:\Desarrollo\Consisa\Disofi\  Dosofi\Disofi.BLL\FactoryAccesos.cs:línea 192
   en Disofi.BLL.ControlDisofi.ListadoGuiaRecepcion(Int32 id) en D:\Desarrollo\Consisa\Disofi\  Dosofi\Disofi.BLL\ControlDisofi.cs:línea 193
   en Disofi.Controllers.TamarugalGEController.Recepcion(Int32 _IdConductor) en D:\Desarrollo\Consisa\Disofi\  Dosofi\DosofiTamarugal\Controllers\TamarugalGE.cs:línea 747
